0 info it worked if it ends with ok
1 verbose cli [ 'D:\\Program Files\\nodejs\\node.exe',
1 verbose cli   'D:\\Program Files\\nodejs\\node_modules\\npm\\bin\\npm-cli.js',
1 verbose cli   'install',
1 verbose cli   '-g',
1 verbose cli   'less' ]
2 info using npm@3.10.10
3 info using node@v7.2.1
4 silly loadCurrentTree Starting
5 silly install loadCurrentTree
6 silly install readGlobalPackageData
7 silly fetchPackageMetaData less
8 silly fetchNamedPackageData less
9 silly mapToRegistry name less
10 silly mapToRegistry using default registry
11 silly mapToRegistry registry https://registry.npm.taobao.org/
12 silly mapToRegistry data Result {
12 silly mapToRegistry   raw: 'less',
12 silly mapToRegistry   scope: null,
12 silly mapToRegistry   escapedName: 'less',
12 silly mapToRegistry   name: 'less',
12 silly mapToRegistry   rawSpec: '',
12 silly mapToRegistry   spec: 'latest',
12 silly mapToRegistry   type: 'tag' }
13 silly mapToRegistry uri https://registry.npm.taobao.org/less
14 verbose request uri https://registry.npm.taobao.org/less
15 verbose request no auth needed
16 info attempt registry request try #1 at 22:09:01
17 verbose request id 779a9d1d2ebb858a
18 verbose etag "39f46-f/MOuJcg7RgkEP48//+GtgmJbEo"
19 http request GET https://registry.npm.taobao.org/less
20 verbose stack Error: kill ENOSYS
20 verbose stack     at exports._errnoException (util.js:1022:11)
20 verbose stack     at process.kill (internal/process.js:173:13)
20 verbose stack     at process.listener (D:\Program Files\nodejs\node_modules\npm\node_modules\npmlog\node_modules\gauge\node_modules\signal-exit\index.js:86:15)
20 verbose stack     at emitNone (events.js:91:20)
20 verbose stack     at process.emit (events.js:185:7)
20 verbose stack     at processEmit (D:\Program Files\nodejs\node_modules\npm\node_modules\npmlog\node_modules\gauge\node_modules\signal-exit\index.js:146:32)
20 verbose stack     at processEmit (D:\Program Files\nodejs\node_modules\npm\node_modules\npm-registry-client\node_modules\npmlog\node_modules\gauge\node_modules\signal-exit\index.js:146:32)
20 verbose stack     at Signal.wrap.onsignal (internal/process.js:200:44)
21 verbose cwd C:\Users\lenovo\Desktop\CRK\src\plugins
22 error Windows_NT 10.0.17134
23 error argv "D:\\Program Files\\nodejs\\node.exe" "D:\\Program Files\\nodejs\\node_modules\\npm\\bin\\npm-cli.js" "install" "-g" "less"
24 error node v7.2.1
25 error npm  v3.10.10
26 error code ENOSYS
27 error errno ENOSYS
28 error syscall kill
29 error kill ENOSYS
30 error If you need help, you may report this error at:
30 error     <https://github.com/npm/npm/issues>
31 verbose exit [ 1, true ]
